-------------------------------------------------------------------------------
Test set: com.ITAcademy.restproject.RestprojectApplicationTests
-------------------------------------------------------------------------------
Tests run: 1, Failures: 0, Errors: 1, Skipped: 0, Time elapsed: 5.091 s <<< FAILURE! - in com.ITAcademy.restproject.RestprojectApplicationTests
contextLoads  Time elapsed: 0.002 s  <<< ERROR!
java.lang.IllegalStateException: Failed to load ApplicationContext
Caused by: org.springframework.beans.factory.BeanCreationException: Error creating bean with name 'entityManagerFactory' defined in class path resource [org/springframework/boot/autoconfigure/orm/jpa/HibernateJpaConfiguration.class]: Invocation of init method failed; nested exception is org.hibernate.AnnotationException: No identifier specified for entity: com.ITAcademy.restproject.RCP.Employee
Caused by: org.hibernate.AnnotationException: No identifier specified for entity: com.ITAcademy.restproject.RCP.Employee

